2017-09-22 09:08:44,039 INFO org.apache.hadoop.hdfs.server.namenode.NameNode: STARTUP_MSG: 
/************************************************************
STARTUP_MSG: Starting NameNode
STARTUP_MSG:   host = Joakims-MacBook-Pro.local/218.38.137.27
STARTUP_MSG:   args = []
STARTUP_MSG:   version = 1.2.1
STARTUP_MSG:   build = https://svn.apache.org/repos/asf/hadoop/common/branches/branch-1.2 -r 1503152; compiled by 'mattf' on Mon Jul 22 15:23:09 PDT 2013
STARTUP_MSG:   java = 1.8.0_74
************************************************************/
2017-09-22 09:08:44,242 INFO org.apache.hadoop.metrics2.impl.MetricsConfig: loaded properties from hadoop-metrics2.properties
2017-09-22 09:08:44,253 INFO org.apache.hadoop.metrics2.impl.MetricsSourceAdapter: MBean for source MetricsSystem,sub=Stats registered.
2017-09-22 09:08:44,254 INFO org.apache.hadoop.metrics2.impl.MetricsSystemImpl: Scheduled snapshot period at 10 second(s).
2017-09-22 09:08:44,254 INFO org.apache.hadoop.metrics2.impl.MetricsSystemImpl: NameNode metrics system started
2017-09-22 09:08:44,412 INFO org.apache.hadoop.metrics2.impl.MetricsSourceAdapter: MBean for source ugi registered.
2017-09-22 09:08:44,418 WARN org.apache.hadoop.metrics2.impl.MetricsSystemImpl: Source name ugi already exists!
2017-09-22 09:08:44,431 INFO org.apache.hadoop.metrics2.impl.MetricsSourceAdapter: MBean for source jvm registered.
2017-09-22 09:08:44,433 INFO org.apache.hadoop.metrics2.impl.MetricsSourceAdapter: MBean for source NameNode registered.
2017-09-22 09:08:44,470 INFO org.apache.hadoop.hdfs.util.GSet: Computing capacity for map BlocksMap
2017-09-22 09:08:44,470 INFO org.apache.hadoop.hdfs.util.GSet: VM type       = 64-bit
2017-09-22 09:08:44,470 INFO org.apache.hadoop.hdfs.util.GSet: 2.0% max memory = 932184064
2017-09-22 09:08:44,470 INFO org.apache.hadoop.hdfs.util.GSet: capacity      = 2^21 = 2097152 entries
2017-09-22 09:08:44,470 INFO org.apache.hadoop.hdfs.util.GSet: recommended=2097152, actual=2097152
2017-09-22 09:08:44,499 INFO org.apache.hadoop.hdfs.server.namenode.FSNamesystem: fsOwner=Jocke
2017-09-22 09:08:44,499 INFO org.apache.hadoop.hdfs.server.namenode.FSNamesystem: supergroup=supergroup
2017-09-22 09:08:44,499 INFO org.apache.hadoop.hdfs.server.namenode.FSNamesystem: isPermissionEnabled=true
2017-09-22 09:08:44,513 INFO org.apache.hadoop.hdfs.server.namenode.FSNamesystem: dfs.block.invalidate.limit=100
2017-09-22 09:08:44,513 INFO org.apache.hadoop.hdfs.server.namenode.FSNamesystem: isAccessTokenEnabled=false accessKeyUpdateInterval=0 min(s), accessTokenLifetime=0 min(s)
2017-09-22 09:08:44,868 INFO org.apache.hadoop.hdfs.server.namenode.FSNamesystem: Registered FSNamesystemStateMBean and NameNodeMXBean
2017-09-22 09:08:44,899 INFO org.apache.hadoop.hdfs.server.namenode.FSEditLog: dfs.namenode.edits.toleration.length = 0
2017-09-22 09:08:44,899 INFO org.apache.hadoop.hdfs.server.namenode.NameNode: Caching file names occuring more than 10 times 
2017-09-22 09:08:44,925 INFO org.apache.hadoop.hdfs.server.common.Storage: Start loading image file /usr/local/Cellar/hadoop/hdfs/tmp1/dfs/name/current/fsimage
2017-09-22 09:08:44,926 INFO org.apache.hadoop.hdfs.server.common.Storage: Number of files = 47
2017-09-22 09:08:44,942 INFO org.apache.hadoop.hdfs.server.common.Storage: Number of files under construction = 0
2017-09-22 09:08:44,943 INFO org.apache.hadoop.hdfs.server.common.Storage: Image file /usr/local/Cellar/hadoop/hdfs/tmp1/dfs/name/current/fsimage of size 5932 bytes loaded in 0 seconds.
2017-09-22 09:08:44,943 INFO org.apache.hadoop.hdfs.server.namenode.FSEditLog: Start loading edits file /usr/local/Cellar/hadoop/hdfs/tmp1/dfs/name/current/edits
2017-09-22 09:08:44,944 INFO org.apache.hadoop.hdfs.server.namenode.FSEditLog: EOF of /usr/local/Cellar/hadoop/hdfs/tmp1/dfs/name/current/edits, reached end of edit log Number of transactions found: 0.  Bytes read: 4
2017-09-22 09:08:44,944 INFO org.apache.hadoop.hdfs.server.namenode.FSEditLog: Start checking end of edit log (/usr/local/Cellar/hadoop/hdfs/tmp1/dfs/name/current/edits) ...
2017-09-22 09:08:44,944 INFO org.apache.hadoop.hdfs.server.namenode.FSEditLog: Checked the bytes after the end of edit log (/usr/local/Cellar/hadoop/hdfs/tmp1/dfs/name/current/edits):
2017-09-22 09:08:44,944 INFO org.apache.hadoop.hdfs.server.namenode.FSEditLog:   Padding position  = -1 (-1 means padding not found)
2017-09-22 09:08:44,944 INFO org.apache.hadoop.hdfs.server.namenode.FSEditLog:   Edit log length   = 4
2017-09-22 09:08:44,944 INFO org.apache.hadoop.hdfs.server.namenode.FSEditLog:   Read length       = 4
2017-09-22 09:08:44,944 INFO org.apache.hadoop.hdfs.server.namenode.FSEditLog:   Corruption length = 0
2017-09-22 09:08:44,944 INFO org.apache.hadoop.hdfs.server.namenode.FSEditLog:   Toleration length = 0 (= dfs.namenode.edits.toleration.length)
2017-09-22 09:08:44,947 INFO org.apache.hadoop.hdfs.server.namenode.FSEditLog: Summary: |---------- Read=4 ----------|-- Corrupt=0 --|-- Pad=0 --|
2017-09-22 09:08:44,947 INFO org.apache.hadoop.hdfs.server.namenode.FSEditLog: Edits file /usr/local/Cellar/hadoop/hdfs/tmp1/dfs/name/current/edits of size 4 edits # 0 loaded in 0 seconds.
2017-09-22 09:08:44,952 INFO org.apache.hadoop.hdfs.server.common.Storage: Image file /usr/local/Cellar/hadoop/hdfs/tmp1/dfs/name/current/fsimage of size 5932 bytes saved in 0 seconds.
2017-09-22 09:08:45,080 INFO org.apache.hadoop.hdfs.server.namenode.FSEditLog: closing edit log: position=4, editlog=/usr/local/Cellar/hadoop/hdfs/tmp1/dfs/name/current/edits
2017-09-22 09:08:45,082 INFO org.apache.hadoop.hdfs.server.namenode.FSEditLog: close success: truncate to 4, editlog=/usr/local/Cellar/hadoop/hdfs/tmp1/dfs/name/current/edits
2017-09-22 09:08:45,098 INFO org.apache.hadoop.hdfs.server.namenode.NameCache: initialized with 0 entries 0 lookups
2017-09-22 09:08:45,098 INFO org.apache.hadoop.hdfs.server.namenode.FSNamesystem: Finished loading FSImage in 610 msecs
2017-09-22 09:08:45,099 INFO org.apache.hadoop.hdfs.server.namenode.FSNamesystem: dfs.safemode.threshold.pct          = 0.9990000128746033
2017-09-22 09:08:45,099 INFO org.apache.hadoop.hdfs.server.namenode.FSNamesystem: dfs.namenode.safemode.min.datanodes = 0
2017-09-22 09:08:45,099 INFO org.apache.hadoop.hdfs.server.namenode.FSNamesystem: dfs.safemode.extension              = 30000
2017-09-22 09:08:45,099 INFO org.apache.hadoop.hdfs.server.namenode.FSNamesystem: Number of blocks excluded by safe block count: 0 total blocks: 17 and thus the safe blocks: 17
2017-09-22 09:08:45,100 INFO org.apache.hadoop.hdfs.StateChange: STATE* Safe mode ON 
The reported blocks is only 0 but the threshold is 0,9990 and the total blocks 17. Safe mode will be turned off automatically.
2017-09-22 09:08:45,106 INFO org.apache.hadoop.util.HostsFileReader: Refreshing hosts (include/exclude) list
2017-09-22 09:08:45,112 INFO org.apache.hadoop.metrics2.impl.MetricsSourceAdapter: MBean for source FSNamesystemMetrics registered.
2017-09-22 09:08:45,146 INFO org.apache.hadoop.ipc.Server: Starting SocketReader
2017-09-22 09:08:45,152 INFO org.apache.hadoop.metrics2.impl.MetricsSourceAdapter: MBean for source RpcDetailedActivityForPort9000 registered.
2017-09-22 09:08:45,153 INFO org.apache.hadoop.metrics2.impl.MetricsSourceAdapter: MBean for source RpcActivityForPort9000 registered.
2017-09-22 09:08:45,157 INFO org.apache.hadoop.hdfs.server.namenode.NameNode: Namenode up at: localhost/127.0.0.1:9000
2017-09-22 09:08:45,232 INFO org.mortbay.log: Logging to org.slf4j.impl.Log4jLoggerAdapter(org.mortbay.log) via org.mortbay.log.Slf4jLog
2017-09-22 09:08:45,293 INFO org.apache.hadoop.http.HttpServer: Added global filtersafety (class=org.apache.hadoop.http.HttpServer$QuotingInputFilter)
2017-09-22 09:08:45,306 INFO org.apache.hadoop.http.HttpServer: dfs.webhdfs.enabled = false
2017-09-22 09:08:45,311 INFO org.apache.hadoop.http.HttpServer: Port returned by webServer.getConnectors()[0].getLocalPort() before open() is -1. Opening the listener on 50070
2017-09-22 09:08:45,313 INFO org.apache.hadoop.http.HttpServer: listener.getLocalPort() returned 50070 webServer.getConnectors()[0].getLocalPort() returned 50070
2017-09-22 09:08:45,313 INFO org.apache.hadoop.http.HttpServer: Jetty bound to port 50070
2017-09-22 09:08:45,313 INFO org.mortbay.log: jetty-6.1.26
2017-09-22 09:08:45,627 INFO org.mortbay.log: Started SelectChannelConnector@0.0.0.0:50070
2017-09-22 09:08:45,627 INFO org.apache.hadoop.hdfs.server.namenode.NameNode: Web-server up at: 0.0.0.0:50070
2017-09-22 09:08:45,627 INFO org.apache.hadoop.ipc.Server: IPC Server Responder: starting
2017-09-22 09:08:45,627 INFO org.apache.hadoop.ipc.Server: IPC Server listener on 9000: starting
2017-09-22 09:08:45,628 INFO org.apache.hadoop.ipc.Server: IPC Server handler 0 on 9000: starting
2017-09-22 09:08:45,628 INFO org.apache.hadoop.ipc.Server: IPC Server handler 1 on 9000: starting
2017-09-22 09:08:45,629 INFO org.apache.hadoop.ipc.Server: IPC Server handler 2 on 9000: starting
2017-09-22 09:08:45,629 INFO org.apache.hadoop.ipc.Server: IPC Server handler 3 on 9000: starting
2017-09-22 09:08:45,629 INFO org.apache.hadoop.ipc.Server: IPC Server handler 4 on 9000: starting
2017-09-22 09:08:45,629 INFO org.apache.hadoop.ipc.Server: IPC Server handler 5 on 9000: starting
2017-09-22 09:08:45,629 INFO org.apache.hadoop.ipc.Server: IPC Server handler 6 on 9000: starting
2017-09-22 09:08:45,629 INFO org.apache.hadoop.ipc.Server: IPC Server handler 7 on 9000: starting
2017-09-22 09:08:45,630 INFO org.apache.hadoop.ipc.Server: IPC Server handler 8 on 9000: starting
2017-09-22 09:08:45,630 INFO org.apache.hadoop.ipc.Server: IPC Server handler 9 on 9000: starting
2017-09-22 09:08:48,024 INFO org.apache.hadoop.hdfs.StateChange: BLOCK* registerDatanode: node registration from 127.0.0.1:50010 storage DS-804248980-192.168.0.5-50010-1505622244595
2017-09-22 09:08:48,028 INFO org.apache.hadoop.net.NetworkTopology: Adding a new node: /default-rack/127.0.0.1:50010
2017-09-22 09:08:48,031 INFO org.apache.hadoop.hdfs.StateChange: *BLOCK* NameNode.blocksBeingWrittenReport: from 127.0.0.1:50010 0 blocks
2017-09-22 09:08:48,042 INFO org.apache.hadoop.hdfs.StateChange: STATE* Safe mode extension entered 
The reported blocks 17 has reached the threshold 0,9990 of total blocks 17. Safe mode will be turned off automatically in 29 seconds.
2017-09-22 09:08:48,042 INFO org.apache.hadoop.hdfs.StateChange: *BLOCK* processReport: from 127.0.0.1:50010, blocks: 17, processing time: 3 msecs
2017-09-22 09:09:08,101 INFO org.apache.hadoop.hdfs.StateChange: STATE* Safe mode ON 
The reported blocks 17 has reached the threshold 0,9990 of total blocks 17. Safe mode will be turned off automatically in 9 seconds.
2017-09-22 09:09:18,145 INFO org.apache.hadoop.hdfs.server.namenode.FSNamesystem: Total number of blocks = 17
2017-09-22 09:09:18,145 INFO org.apache.hadoop.hdfs.server.namenode.FSNamesystem: Number of invalid blocks = 0
2017-09-22 09:09:18,145 INFO org.apache.hadoop.hdfs.server.namenode.FSNamesystem: Number of under-replicated blocks = 7
2017-09-22 09:09:18,145 INFO org.apache.hadoop.hdfs.server.namenode.FSNamesystem: Number of  over-replicated blocks = 0
2017-09-22 09:09:18,145 INFO org.apache.hadoop.hdfs.StateChange: STATE* Safe mode termination scan for invalid, over- and under-replicated blocks completed in 20 msec
2017-09-22 09:09:18,145 INFO org.apache.hadoop.hdfs.StateChange: STATE* Leaving safe mode after 33 secs
2017-09-22 09:09:18,145 INFO org.apache.hadoop.hdfs.StateChange: STATE* Safe mode is OFF
2017-09-22 09:09:18,145 INFO org.apache.hadoop.hdfs.StateChange: STATE* Network topology has 1 racks and 1 datanodes
2017-09-22 09:09:18,145 INFO org.apache.hadoop.hdfs.StateChange: STATE* UnderReplicatedBlocks has 7 blocks
2017-09-22 09:09:18,147 INFO org.apache.hadoop.hdfs.server.namenode.FSNamesystem: ReplicateQueue QueueProcessingStatistics: First cycle completed 0 blocks in 1 msec
2017-09-22 09:09:18,147 INFO org.apache.hadoop.hdfs.server.namenode.FSNamesystem: InvalidateQueue QueueProcessingStatistics: First cycle completed 0 blocks in 0 msec
2017-09-22 09:09:18,148 INFO org.apache.hadoop.hdfs.server.namenode.FSNamesystem: InvalidateQueue QueueProcessingStatistics: Queue flush completed 0 blocks in 0 msec processing time, 0 msec clock time, 1 cycles
2017-09-22 09:09:19,216 INFO org.apache.hadoop.hdfs.StateChange: BLOCK* addToInvalidates: blk_4158854555945284521 to 127.0.0.1:50010 
2017-09-22 09:09:19,317 INFO org.apache.hadoop.hdfs.StateChange: BLOCK* allocateBlock: /usr/local/Cellar/hadoop/hdfs/tmp1/mapred/system/jobtracker.info. blk_-280556989785579836_1166
2017-09-22 09:09:19,376 INFO org.apache.hadoop.hdfs.StateChange: BLOCK* addStoredBlock: blockMap updated: 127.0.0.1:50010 is added to blk_-280556989785579836_1166 size 4
2017-09-22 09:09:19,380 INFO org.apache.hadoop.hdfs.StateChange: Removing lease on  /usr/local/Cellar/hadoop/hdfs/tmp1/mapred/system/jobtracker.info from client DFSClient_NONMAPREDUCE_-1401779609_1
2017-09-22 09:09:19,382 INFO org.apache.hadoop.hdfs.StateChange: DIR* completeFile: /usr/local/Cellar/hadoop/hdfs/tmp1/mapred/system/jobtracker.info is closed by DFSClient_NONMAPREDUCE_-1401779609_1
2017-09-22 09:09:21,150 INFO org.apache.hadoop.hdfs.StateChange: BLOCK* ask 127.0.0.1:50010 to delete  blk_4158854555945284521_1153
2017-09-22 09:13:48,625 INFO org.apache.hadoop.hdfs.server.namenode.FSNamesystem: Roll Edit Log from 127.0.0.1
2017-09-22 09:13:48,626 INFO org.apache.hadoop.hdfs.server.namenode.FSEditLog: Number of transactions: 8 Total time for transactions(ms): 3 Number of transactions batched in Syncs: 0 Number of syncs: 6 SyncTimes(ms): 6 
2017-09-22 09:13:48,626 INFO org.apache.hadoop.hdfs.server.namenode.FSEditLog: closing edit log: position=854, editlog=/usr/local/Cellar/hadoop/hdfs/tmp1/dfs/name/current/edits
2017-09-22 09:13:48,626 INFO org.apache.hadoop.hdfs.server.namenode.FSEditLog: close success: truncate to 854, editlog=/usr/local/Cellar/hadoop/hdfs/tmp1/dfs/name/current/edits
2017-09-22 09:20:04,188 INFO org.apache.hadoop.hdfs.server.namenode.FSNamesystem: Roll Edit Log from 127.0.0.1
2017-09-22 09:20:04,189 WARN org.apache.hadoop.hdfs.server.namenode.FSEditLog: Cannot roll edit log, edits.new files already exists in all healthy directories:
  /usr/local/Cellar/hadoop/hdfs/tmp1/dfs/name/current/edits.new
2017-09-22 09:26:19,574 INFO org.apache.hadoop.hdfs.server.namenode.FSNamesystem: Roll Edit Log from 127.0.0.1
2017-09-22 09:26:19,574 WARN org.apache.hadoop.hdfs.server.namenode.FSEditLog: Cannot roll edit log, edits.new files already exists in all healthy directories:
  /usr/local/Cellar/hadoop/hdfs/tmp1/dfs/name/current/edits.new
2017-09-22 09:32:34,955 INFO org.apache.hadoop.hdfs.server.namenode.FSNamesystem: Roll Edit Log from 127.0.0.1
2017-09-22 09:32:34,955 WARN org.apache.hadoop.hdfs.server.namenode.FSEditLog: Cannot roll edit log, edits.new files already exists in all healthy directories:
  /usr/local/Cellar/hadoop/hdfs/tmp1/dfs/name/current/edits.new
2017-09-22 09:38:50,322 INFO org.apache.hadoop.hdfs.server.namenode.FSNamesystem: Roll Edit Log from 127.0.0.1
2017-09-22 09:38:50,322 WARN org.apache.hadoop.hdfs.server.namenode.FSEditLog: Cannot roll edit log, edits.new files already exists in all healthy directories:
  /usr/local/Cellar/hadoop/hdfs/tmp1/dfs/name/current/edits.new
2017-09-22 09:45:05,706 INFO org.apache.hadoop.hdfs.server.namenode.FSNamesystem: Roll Edit Log from 127.0.0.1
2017-09-22 09:45:05,706 WARN org.apache.hadoop.hdfs.server.namenode.FSEditLog: Cannot roll edit log, edits.new files already exists in all healthy directories:
  /usr/local/Cellar/hadoop/hdfs/tmp1/dfs/name/current/edits.new
2017-09-22 09:51:21,057 INFO org.apache.hadoop.hdfs.server.namenode.FSNamesystem: Roll Edit Log from 127.0.0.1
2017-09-22 09:51:21,057 WARN org.apache.hadoop.hdfs.server.namenode.FSEditLog: Cannot roll edit log, edits.new files already exists in all healthy directories:
  /usr/local/Cellar/hadoop/hdfs/tmp1/dfs/name/current/edits.new
2017-09-22 09:57:36,841 INFO org.apache.hadoop.hdfs.server.namenode.FSNamesystem: Roll Edit Log from 127.0.0.1
2017-09-22 09:57:36,841 WARN org.apache.hadoop.hdfs.server.namenode.FSEditLog: Cannot roll edit log, edits.new files already exists in all healthy directories:
  /usr/local/Cellar/hadoop/hdfs/tmp1/dfs/name/current/edits.new
2017-09-22 10:01:40,727 INFO org.apache.hadoop.hdfs.server.namenode.NameNode: SHUTDOWN_MSG: 
/************************************************************
SHUTDOWN_MSG: Shutting down NameNode at Joakims-MacBook-Pro.local/218.38.137.27
************************************************************/
