2017-09-22 09:08:48,887 INFO org.apache.hadoop.mapred.JobTracker: STARTUP_MSG: 
/************************************************************
STARTUP_MSG: Starting JobTracker
STARTUP_MSG:   host = Joakims-MacBook-Pro.local/218.38.137.27
STARTUP_MSG:   args = []
STARTUP_MSG:   version = 1.2.1
STARTUP_MSG:   build = https://svn.apache.org/repos/asf/hadoop/common/branches/branch-1.2 -r 1503152; compiled by 'mattf' on Mon Jul 22 15:23:09 PDT 2013
STARTUP_MSG:   java = 1.8.0_74
************************************************************/
2017-09-22 09:08:49,053 INFO org.apache.hadoop.metrics2.impl.MetricsConfig: loaded properties from hadoop-metrics2.properties
2017-09-22 09:08:49,067 INFO org.apache.hadoop.metrics2.impl.MetricsSourceAdapter: MBean for source MetricsSystem,sub=Stats registered.
2017-09-22 09:08:49,068 INFO org.apache.hadoop.metrics2.impl.MetricsSystemImpl: Scheduled snapshot period at 10 second(s).
2017-09-22 09:08:49,068 INFO org.apache.hadoop.metrics2.impl.MetricsSystemImpl: JobTracker metrics system started
2017-09-22 09:08:49,219 INFO org.apache.hadoop.metrics2.impl.MetricsSourceAdapter: MBean for source QueueMetrics,q=default registered.
2017-09-22 09:08:49,690 INFO org.apache.hadoop.metrics2.impl.MetricsSourceAdapter: MBean for source ugi registered.
2017-09-22 09:08:49,690 WARN org.apache.hadoop.metrics2.impl.MetricsSystemImpl: Source name ugi already exists!
2017-09-22 09:08:49,692 INFO org.apache.hadoop.security.token.delegation.AbstractDelegationTokenSecretManager: Updating the current master key for generating delegation tokens
2017-09-22 09:08:49,693 INFO org.apache.hadoop.mapred.JobTracker: Scheduler configured with (memSizeForMapSlotOnJT, memSizeForReduceSlotOnJT, limitMaxMemForMapTasks, limitMaxMemForReduceTasks) (-1, -1, -1, -1)
2017-09-22 09:08:49,694 INFO org.apache.hadoop.util.HostsFileReader: Refreshing hosts (include/exclude) list
2017-09-22 09:08:49,694 INFO org.apache.hadoop.security.token.delegation.AbstractDelegationTokenSecretManager: Starting expired delegation token remover thread, tokenRemoverScanInterval=60 min(s)
2017-09-22 09:08:49,697 INFO org.apache.hadoop.security.token.delegation.AbstractDelegationTokenSecretManager: Updating the current master key for generating delegation tokens
2017-09-22 09:08:49,723 INFO org.apache.hadoop.mapred.JobTracker: Starting jobtracker with owner as Jocke
2017-09-22 09:08:49,784 INFO org.apache.hadoop.ipc.Server: Starting SocketReader
2017-09-22 09:08:49,788 INFO org.apache.hadoop.metrics2.impl.MetricsSourceAdapter: MBean for source RpcDetailedActivityForPort9001 registered.
2017-09-22 09:08:49,788 INFO org.apache.hadoop.metrics2.impl.MetricsSourceAdapter: MBean for source RpcActivityForPort9001 registered.
2017-09-22 09:08:49,849 INFO org.mortbay.log: Logging to org.slf4j.impl.Log4jLoggerAdapter(org.mortbay.log) via org.mortbay.log.Slf4jLog
2017-09-22 09:08:49,933 INFO org.apache.hadoop.http.HttpServer: Added global filtersafety (class=org.apache.hadoop.http.HttpServer$QuotingInputFilter)
2017-09-22 09:08:49,937 INFO org.apache.hadoop.http.HttpServer: Port returned by webServer.getConnectors()[0].getLocalPort() before open() is -1. Opening the listener on 50030
2017-09-22 09:08:49,940 INFO org.apache.hadoop.http.HttpServer: listener.getLocalPort() returned 50030 webServer.getConnectors()[0].getLocalPort() returned 50030
2017-09-22 09:08:49,940 INFO org.apache.hadoop.http.HttpServer: Jetty bound to port 50030
2017-09-22 09:08:49,940 INFO org.mortbay.log: jetty-6.1.26
2017-09-22 09:08:50,423 INFO org.mortbay.log: Started SelectChannelConnector@0.0.0.0:50030
2017-09-22 09:08:50,432 INFO org.apache.hadoop.metrics2.impl.MetricsSourceAdapter: MBean for source jvm registered.
2017-09-22 09:08:50,432 INFO org.apache.hadoop.metrics2.impl.MetricsSourceAdapter: MBean for source JobTrackerMetrics registered.
2017-09-22 09:08:50,449 INFO org.apache.hadoop.mapred.JobTracker: JobTracker up at: 9001
2017-09-22 09:08:50,449 INFO org.apache.hadoop.mapred.JobTracker: JobTracker webserver: 50030
2017-09-22 09:08:50,463 INFO org.apache.hadoop.ipc.Server: IPC Server Responder: starting
2017-09-22 09:08:50,464 INFO org.apache.hadoop.ipc.Server: IPC Server listener on 9001: starting
2017-09-22 09:08:50,465 INFO org.apache.hadoop.ipc.Server: IPC Server handler 0 on 9001: starting
2017-09-22 09:08:50,465 INFO org.apache.hadoop.ipc.Server: IPC Server handler 1 on 9001: starting
2017-09-22 09:08:50,465 INFO org.apache.hadoop.ipc.Server: IPC Server handler 2 on 9001: starting
2017-09-22 09:08:50,466 INFO org.apache.hadoop.ipc.Server: IPC Server handler 3 on 9001: starting
2017-09-22 09:08:50,466 INFO org.apache.hadoop.ipc.Server: IPC Server handler 4 on 9001: starting
2017-09-22 09:08:50,466 INFO org.apache.hadoop.ipc.Server: IPC Server handler 5 on 9001: starting
2017-09-22 09:08:50,466 INFO org.apache.hadoop.ipc.Server: IPC Server handler 6 on 9001: starting
2017-09-22 09:08:50,466 INFO org.apache.hadoop.ipc.Server: IPC Server handler 7 on 9001: starting
2017-09-22 09:08:50,466 INFO org.apache.hadoop.ipc.Server: IPC Server handler 8 on 9001: starting
2017-09-22 09:08:50,467 INFO org.apache.hadoop.ipc.Server: IPC Server handler 9 on 9001: starting
2017-09-22 09:08:50,467 INFO org.apache.hadoop.mapred.JobTracker: Setting safe mode to true. Requested by : Jocke
2017-09-22 09:08:50,674 INFO org.apache.hadoop.mapred.JobTracker: HDFS initialized but not 'healthy' yet, waiting...
2017-09-22 09:08:51,695 INFO org.apache.hadoop.mapred.JobTracker: HDFS initialized but not 'healthy' yet, waiting...
2017-09-22 09:08:52,716 INFO org.apache.hadoop.mapred.JobTracker: HDFS initialized but not 'healthy' yet, waiting...
2017-09-22 09:08:53,738 INFO org.apache.hadoop.mapred.JobTracker: HDFS initialized but not 'healthy' yet, waiting...
2017-09-22 09:08:54,757 INFO org.apache.hadoop.mapred.JobTracker: HDFS initialized but not 'healthy' yet, waiting...
2017-09-22 09:08:55,776 INFO org.apache.hadoop.mapred.JobTracker: HDFS initialized but not 'healthy' yet, waiting...
2017-09-22 09:08:56,798 INFO org.apache.hadoop.mapred.JobTracker: HDFS initialized but not 'healthy' yet, waiting...
2017-09-22 09:08:57,814 INFO org.apache.hadoop.mapred.JobTracker: HDFS initialized but not 'healthy' yet, waiting...
2017-09-22 09:08:58,827 INFO org.apache.hadoop.mapred.JobTracker: HDFS initialized but not 'healthy' yet, waiting...
2017-09-22 09:08:59,844 INFO org.apache.hadoop.mapred.JobTracker: HDFS initialized but not 'healthy' yet, waiting...
2017-09-22 09:09:00,860 INFO org.apache.hadoop.mapred.JobTracker: HDFS initialized but not 'healthy' yet, waiting...
2017-09-22 09:09:01,875 INFO org.apache.hadoop.mapred.JobTracker: HDFS initialized but not 'healthy' yet, waiting...
2017-09-22 09:09:02,892 INFO org.apache.hadoop.mapred.JobTracker: HDFS initialized but not 'healthy' yet, waiting...
2017-09-22 09:09:03,911 INFO org.apache.hadoop.mapred.JobTracker: HDFS initialized but not 'healthy' yet, waiting...
2017-09-22 09:09:04,926 INFO org.apache.hadoop.mapred.JobTracker: HDFS initialized but not 'healthy' yet, waiting...
2017-09-22 09:09:05,951 INFO org.apache.hadoop.mapred.JobTracker: HDFS initialized but not 'healthy' yet, waiting...
2017-09-22 09:09:06,966 INFO org.apache.hadoop.mapred.JobTracker: HDFS initialized but not 'healthy' yet, waiting...
2017-09-22 09:09:07,981 INFO org.apache.hadoop.mapred.JobTracker: HDFS initialized but not 'healthy' yet, waiting...
2017-09-22 09:09:08,992 INFO org.apache.hadoop.mapred.JobTracker: HDFS initialized but not 'healthy' yet, waiting...
2017-09-22 09:09:10,004 INFO org.apache.hadoop.mapred.JobTracker: HDFS initialized but not 'healthy' yet, waiting...
2017-09-22 09:09:11,014 INFO org.apache.hadoop.mapred.JobTracker: HDFS initialized but not 'healthy' yet, waiting...
2017-09-22 09:09:12,024 INFO org.apache.hadoop.mapred.JobTracker: HDFS initialized but not 'healthy' yet, waiting...
2017-09-22 09:09:13,048 INFO org.apache.hadoop.mapred.JobTracker: HDFS initialized but not 'healthy' yet, waiting...
2017-09-22 09:09:14,059 INFO org.apache.hadoop.mapred.JobTracker: HDFS initialized but not 'healthy' yet, waiting...
2017-09-22 09:09:15,074 INFO org.apache.hadoop.mapred.JobTracker: HDFS initialized but not 'healthy' yet, waiting...
2017-09-22 09:09:16,092 INFO org.apache.hadoop.mapred.JobTracker: HDFS initialized but not 'healthy' yet, waiting...
2017-09-22 09:09:17,107 INFO org.apache.hadoop.mapred.JobTracker: HDFS initialized but not 'healthy' yet, waiting...
2017-09-22 09:09:18,122 INFO org.apache.hadoop.mapred.JobTracker: HDFS initialized but not 'healthy' yet, waiting...
2017-09-22 09:09:19,144 INFO org.apache.hadoop.mapred.JobTracker: Setting safe mode to false. Requested by : Jocke
2017-09-22 09:09:19,208 INFO org.apache.hadoop.mapred.JobTracker: Cleaning up the system directory
2017-09-22 09:09:19,260 INFO org.apache.hadoop.mapred.JobHistory: Job History MaxAge is 2592000000 ms (30,00 days), Cleanup Frequency is 86400000 ms (1,00 days)
2017-09-22 09:09:19,261 INFO org.apache.hadoop.mapred.JobTracker: History server being initialized in embedded mode
2017-09-22 09:09:19,264 INFO org.apache.hadoop.mapred.JobHistoryServer: Started job history server at: localhost:50030
2017-09-22 09:09:19,264 INFO org.apache.hadoop.mapred.JobTracker: Job History Server web address: localhost:50030
2017-09-22 09:09:19,267 INFO org.apache.hadoop.mapred.CompletedJobStatusStore: Completed job store is inactive
2017-09-22 09:09:19,386 INFO org.apache.hadoop.mapred.JobTracker: Starting the recovery process for 0 jobs ...
2017-09-22 09:09:19,386 INFO org.apache.hadoop.mapred.JobTracker: Recovery done! Recoverd 0 of 0 jobs.
2017-09-22 09:09:19,386 INFO org.apache.hadoop.mapred.JobTracker: Recovery Duration (ms):0
2017-09-22 09:09:19,386 INFO org.apache.hadoop.mapred.JobTracker: Refreshing hosts information
2017-09-22 09:09:19,406 INFO org.apache.hadoop.util.HostsFileReader: Setting the includes file to 
2017-09-22 09:09:19,406 INFO org.apache.hadoop.util.HostsFileReader: Setting the excludes file to 
2017-09-22 09:09:19,406 INFO org.apache.hadoop.util.HostsFileReader: Refreshing hosts (include/exclude) list
2017-09-22 09:09:19,407 INFO org.apache.hadoop.mapred.JobTracker: Decommissioning 0 nodes
2017-09-22 09:09:19,407 INFO org.apache.hadoop.mapred.JobTracker: Starting RUNNING
2017-09-22 09:09:22,604 INFO org.apache.hadoop.net.NetworkTopology: Adding a new node: /default-rack/218.38.137.27
2017-09-22 09:09:22,606 INFO org.apache.hadoop.mapred.JobTracker: Adding tracker tracker_218.38.137.27:localhost/127.0.0.1:62146 to host 218.38.137.27
2017-09-22 10:01:30,268 INFO org.apache.hadoop.mapred.JobTracker: SHUTDOWN_MSG: 
/************************************************************
SHUTDOWN_MSG: Shutting down JobTracker at Joakims-MacBook-Pro.local/218.38.137.27
************************************************************/
