2017-09-22 09:08:46,967 INFO org.apache.hadoop.hdfs.server.namenode.SecondaryNameNode: STARTUP_MSG: 
/************************************************************
STARTUP_MSG: Starting SecondaryNameNode
STARTUP_MSG:   host = Joakims-MacBook-Pro.local/218.38.137.27
STARTUP_MSG:   args = []
STARTUP_MSG:   version = 1.2.1
STARTUP_MSG:   build = https://svn.apache.org/repos/asf/hadoop/common/branches/branch-1.2 -r 1503152; compiled by 'mattf' on Mon Jul 22 15:23:09 PDT 2013
STARTUP_MSG:   java = 1.8.0_74
************************************************************/
2017-09-22 09:08:47,095 INFO org.apache.hadoop.hdfs.server.namenode.SecondaryNameNode: dfs.namenode.edits.toleration.length is set to 0.  Override it with -1, i.e. disable it.
2017-09-22 09:08:48,081 INFO org.mortbay.log: Logging to org.slf4j.impl.Log4jLoggerAdapter(org.mortbay.log) via org.mortbay.log.Slf4jLog
2017-09-22 09:08:48,137 INFO org.apache.hadoop.http.HttpServer: Added global filtersafety (class=org.apache.hadoop.http.HttpServer$QuotingInputFilter)
2017-09-22 09:08:48,141 INFO org.apache.hadoop.http.HttpServer: Port returned by webServer.getConnectors()[0].getLocalPort() before open() is -1. Opening the listener on 50090
2017-09-22 09:08:48,145 INFO org.apache.hadoop.http.HttpServer: listener.getLocalPort() returned 50090 webServer.getConnectors()[0].getLocalPort() returned 50090
2017-09-22 09:08:48,145 INFO org.apache.hadoop.http.HttpServer: Jetty bound to port 50090
2017-09-22 09:08:48,145 INFO org.mortbay.log: jetty-6.1.26
2017-09-22 09:08:48,602 INFO org.mortbay.log: Started SelectChannelConnector@0.0.0.0:50090
2017-09-22 09:08:48,602 INFO org.apache.hadoop.hdfs.server.namenode.SecondaryNameNode: Web server init done
2017-09-22 09:08:48,602 INFO org.apache.hadoop.hdfs.server.namenode.SecondaryNameNode: Secondary Web-server up at: 0.0.0.0:50090
2017-09-22 09:08:48,602 WARN org.apache.hadoop.hdfs.server.namenode.SecondaryNameNode: Checkpoint Period   :3600 secs (60 min)
2017-09-22 09:08:48,602 WARN org.apache.hadoop.hdfs.server.namenode.SecondaryNameNode: Log Size Trigger    :67108864 bytes (65536 KB)
2017-09-22 09:13:48,658 INFO org.apache.hadoop.hdfs.server.namenode.TransferFsImage: Opening connection to http://0.0.0.0:50070/getimage?getimage=1
2017-09-22 09:15:04,145 ERROR org.apache.hadoop.security.UserGroupInformation: PriviledgedActionException as:Jocke cause:java.net.ConnectException: Operation timed out
2017-09-22 09:15:04,152 ERROR org.apache.hadoop.hdfs.server.namenode.SecondaryNameNode: Exception in doCheckpoint: 
2017-09-22 09:15:04,154 ERROR org.apache.hadoop.hdfs.server.namenode.SecondaryNameNode: java.net.ConnectException: Operation timed out
	at java.net.PlainSocketImpl.socketConnect(Native Method)
	at java.net.AbstractPlainSocketImpl.doConnect(AbstractPlainSocketImpl.java:350)
	at java.net.AbstractPlainSocketImpl.connectToAddress(AbstractPlainSocketImpl.java:204)
	at java.net.AbstractPlainSocketImpl.connect(AbstractPlainSocketImpl.java:188)
	at java.net.SocksSocketImpl.connect(SocksSocketImpl.java:392)
	at java.net.Socket.connect(Socket.java:589)
	at java.net.Socket.connect(Socket.java:538)
	at sun.net.NetworkClient.doConnect(NetworkClient.java:180)
	at sun.net.www.http.HttpClient.openServer(HttpClient.java:432)
	at sun.net.www.http.HttpClient.openServer(HttpClient.java:527)
	at sun.net.www.http.HttpClient.<init>(HttpClient.java:211)
	at sun.net.www.http.HttpClient.New(HttpClient.java:308)
	at sun.net.www.http.HttpClient.New(HttpClient.java:326)
	at sun.net.www.protocol.http.HttpURLConnection.getNewHttpClient(HttpURLConnection.java:1169)
	at sun.net.www.protocol.http.HttpURLConnection.plainConnect0(HttpURLConnection.java:1105)
	at sun.net.www.protocol.http.HttpURLConnection.plainConnect(HttpURLConnection.java:999)
	at sun.net.www.protocol.http.HttpURLConnection.connect(HttpURLConnection.java:933)
	at sun.net.www.protocol.http.HttpURLConnection.getInputStream0(HttpURLConnection.java:1513)
	at sun.net.www.protocol.http.HttpURLConnection.getInputStream(HttpURLConnection.java:1441)
	at org.apache.hadoop.hdfs.server.namenode.TransferFsImage.getFileClient(TransferFsImage.java:177)
	at org.apache.hadoop.hdfs.server.namenode.SecondaryNameNode$4.run(SecondaryNameNode.java:431)
	at org.apache.hadoop.hdfs.server.namenode.SecondaryNameNode$4.run(SecondaryNameNode.java:420)
	at java.security.AccessController.doPrivileged(Native Method)
	at javax.security.auth.Subject.doAs(Subject.java:422)
	at org.apache.hadoop.security.UserGroupInformation.doAs(UserGroupInformation.java:1190)
	at org.apache.hadoop.hdfs.server.namenode.SecondaryNameNode.downloadCheckpointFiles(SecondaryNameNode.java:420)
	at org.apache.hadoop.hdfs.server.namenode.SecondaryNameNode.doCheckpoint(SecondaryNameNode.java:520)
	at org.apache.hadoop.hdfs.server.namenode.SecondaryNameNode.doWork(SecondaryNameNode.java:396)
	at org.apache.hadoop.hdfs.server.namenode.SecondaryNameNode.run(SecondaryNameNode.java:360)
	at java.lang.Thread.run(Thread.java:745)

2017-09-22 09:20:04,155 INFO org.apache.hadoop.hdfs.server.common.Storage: Recovering storage directory /usr/local/Cellar/hadoop/hdfs/tmp1/dfs/namesecondary from failed checkpoint
2017-09-22 09:20:04,190 INFO org.apache.hadoop.hdfs.server.namenode.TransferFsImage: Opening connection to http://0.0.0.0:50070/getimage?getimage=1
2017-09-22 09:21:19,543 ERROR org.apache.hadoop.security.UserGroupInformation: PriviledgedActionException as:Jocke cause:java.net.ConnectException: Operation timed out
2017-09-22 09:21:19,544 ERROR org.apache.hadoop.hdfs.server.namenode.SecondaryNameNode: Exception in doCheckpoint: 
2017-09-22 09:21:19,544 ERROR org.apache.hadoop.hdfs.server.namenode.SecondaryNameNode: java.net.ConnectException: Operation timed out
	at java.net.PlainSocketImpl.socketConnect(Native Method)
	at java.net.AbstractPlainSocketImpl.doConnect(AbstractPlainSocketImpl.java:350)
	at java.net.AbstractPlainSocketImpl.connectToAddress(AbstractPlainSocketImpl.java:204)
	at java.net.AbstractPlainSocketImpl.connect(AbstractPlainSocketImpl.java:188)
	at java.net.SocksSocketImpl.connect(SocksSocketImpl.java:392)
	at java.net.Socket.connect(Socket.java:589)
	at java.net.Socket.connect(Socket.java:538)
	at sun.net.NetworkClient.doConnect(NetworkClient.java:180)
	at sun.net.www.http.HttpClient.openServer(HttpClient.java:432)
	at sun.net.www.http.HttpClient.openServer(HttpClient.java:527)
	at sun.net.www.http.HttpClient.<init>(HttpClient.java:211)
	at sun.net.www.http.HttpClient.New(HttpClient.java:308)
	at sun.net.www.http.HttpClient.New(HttpClient.java:326)
	at sun.net.www.protocol.http.HttpURLConnection.getNewHttpClient(HttpURLConnection.java:1169)
	at sun.net.www.protocol.http.HttpURLConnection.plainConnect0(HttpURLConnection.java:1105)
	at sun.net.www.protocol.http.HttpURLConnection.plainConnect(HttpURLConnection.java:999)
	at sun.net.www.protocol.http.HttpURLConnection.connect(HttpURLConnection.java:933)
	at sun.net.www.protocol.http.HttpURLConnection.getInputStream0(HttpURLConnection.java:1513)
	at sun.net.www.protocol.http.HttpURLConnection.getInputStream(HttpURLConnection.java:1441)
	at org.apache.hadoop.hdfs.server.namenode.TransferFsImage.getFileClient(TransferFsImage.java:177)
	at org.apache.hadoop.hdfs.server.namenode.SecondaryNameNode$4.run(SecondaryNameNode.java:431)
	at org.apache.hadoop.hdfs.server.namenode.SecondaryNameNode$4.run(SecondaryNameNode.java:420)
	at java.security.AccessController.doPrivileged(Native Method)
	at javax.security.auth.Subject.doAs(Subject.java:422)
	at org.apache.hadoop.security.UserGroupInformation.doAs(UserGroupInformation.java:1190)
	at org.apache.hadoop.hdfs.server.namenode.SecondaryNameNode.downloadCheckpointFiles(SecondaryNameNode.java:420)
	at org.apache.hadoop.hdfs.server.namenode.SecondaryNameNode.doCheckpoint(SecondaryNameNode.java:520)
	at org.apache.hadoop.hdfs.server.namenode.SecondaryNameNode.doWork(SecondaryNameNode.java:396)
	at org.apache.hadoop.hdfs.server.namenode.SecondaryNameNode.run(SecondaryNameNode.java:360)
	at java.lang.Thread.run(Thread.java:745)

2017-09-22 09:26:19,550 INFO org.apache.hadoop.hdfs.server.common.Storage: Recovering storage directory /usr/local/Cellar/hadoop/hdfs/tmp1/dfs/namesecondary from failed checkpoint
2017-09-22 09:26:19,575 INFO org.apache.hadoop.hdfs.server.namenode.TransferFsImage: Opening connection to http://0.0.0.0:50070/getimage?getimage=1
2017-09-22 09:27:34,918 ERROR org.apache.hadoop.security.UserGroupInformation: PriviledgedActionException as:Jocke cause:java.net.ConnectException: Operation timed out
2017-09-22 09:27:34,919 ERROR org.apache.hadoop.hdfs.server.namenode.SecondaryNameNode: Exception in doCheckpoint: 
2017-09-22 09:27:34,919 ERROR org.apache.hadoop.hdfs.server.namenode.SecondaryNameNode: java.net.ConnectException: Operation timed out
	at java.net.PlainSocketImpl.socketConnect(Native Method)
	at java.net.AbstractPlainSocketImpl.doConnect(AbstractPlainSocketImpl.java:350)
	at java.net.AbstractPlainSocketImpl.connectToAddress(AbstractPlainSocketImpl.java:204)
	at java.net.AbstractPlainSocketImpl.connect(AbstractPlainSocketImpl.java:188)
	at java.net.SocksSocketImpl.connect(SocksSocketImpl.java:392)
	at java.net.Socket.connect(Socket.java:589)
	at java.net.Socket.connect(Socket.java:538)
	at sun.net.NetworkClient.doConnect(NetworkClient.java:180)
	at sun.net.www.http.HttpClient.openServer(HttpClient.java:432)
	at sun.net.www.http.HttpClient.openServer(HttpClient.java:527)
	at sun.net.www.http.HttpClient.<init>(HttpClient.java:211)
	at sun.net.www.http.HttpClient.New(HttpClient.java:308)
	at sun.net.www.http.HttpClient.New(HttpClient.java:326)
	at sun.net.www.protocol.http.HttpURLConnection.getNewHttpClient(HttpURLConnection.java:1169)
	at sun.net.www.protocol.http.HttpURLConnection.plainConnect0(HttpURLConnection.java:1105)
	at sun.net.www.protocol.http.HttpURLConnection.plainConnect(HttpURLConnection.java:999)
	at sun.net.www.protocol.http.HttpURLConnection.connect(HttpURLConnection.java:933)
	at sun.net.www.protocol.http.HttpURLConnection.getInputStream0(HttpURLConnection.java:1513)
	at sun.net.www.protocol.http.HttpURLConnection.getInputStream(HttpURLConnection.java:1441)
	at org.apache.hadoop.hdfs.server.namenode.TransferFsImage.getFileClient(TransferFsImage.java:177)
	at org.apache.hadoop.hdfs.server.namenode.SecondaryNameNode$4.run(SecondaryNameNode.java:431)
	at org.apache.hadoop.hdfs.server.namenode.SecondaryNameNode$4.run(SecondaryNameNode.java:420)
	at java.security.AccessController.doPrivileged(Native Method)
	at javax.security.auth.Subject.doAs(Subject.java:422)
	at org.apache.hadoop.security.UserGroupInformation.doAs(UserGroupInformation.java:1190)
	at org.apache.hadoop.hdfs.server.namenode.SecondaryNameNode.downloadCheckpointFiles(SecondaryNameNode.java:420)
	at org.apache.hadoop.hdfs.server.namenode.SecondaryNameNode.doCheckpoint(SecondaryNameNode.java:520)
	at org.apache.hadoop.hdfs.server.namenode.SecondaryNameNode.doWork(SecondaryNameNode.java:396)
	at org.apache.hadoop.hdfs.server.namenode.SecondaryNameNode.run(SecondaryNameNode.java:360)
	at java.lang.Thread.run(Thread.java:745)

2017-09-22 09:32:34,925 INFO org.apache.hadoop.hdfs.server.common.Storage: Recovering storage directory /usr/local/Cellar/hadoop/hdfs/tmp1/dfs/namesecondary from failed checkpoint
2017-09-22 09:32:34,956 INFO org.apache.hadoop.hdfs.server.namenode.TransferFsImage: Opening connection to http://0.0.0.0:50070/getimage?getimage=1
2017-09-22 09:33:50,298 ERROR org.apache.hadoop.security.UserGroupInformation: PriviledgedActionException as:Jocke cause:java.net.ConnectException: Operation timed out
2017-09-22 09:33:50,298 ERROR org.apache.hadoop.hdfs.server.namenode.SecondaryNameNode: Exception in doCheckpoint: 
2017-09-22 09:33:50,299 ERROR org.apache.hadoop.hdfs.server.namenode.SecondaryNameNode: java.net.ConnectException: Operation timed out
	at java.net.PlainSocketImpl.socketConnect(Native Method)
	at java.net.AbstractPlainSocketImpl.doConnect(AbstractPlainSocketImpl.java:350)
	at java.net.AbstractPlainSocketImpl.connectToAddress(AbstractPlainSocketImpl.java:204)
	at java.net.AbstractPlainSocketImpl.connect(AbstractPlainSocketImpl.java:188)
	at java.net.SocksSocketImpl.connect(SocksSocketImpl.java:392)
	at java.net.Socket.connect(Socket.java:589)
	at java.net.Socket.connect(Socket.java:538)
	at sun.net.NetworkClient.doConnect(NetworkClient.java:180)
	at sun.net.www.http.HttpClient.openServer(HttpClient.java:432)
	at sun.net.www.http.HttpClient.openServer(HttpClient.java:527)
	at sun.net.www.http.HttpClient.<init>(HttpClient.java:211)
	at sun.net.www.http.HttpClient.New(HttpClient.java:308)
	at sun.net.www.http.HttpClient.New(HttpClient.java:326)
	at sun.net.www.protocol.http.HttpURLConnection.getNewHttpClient(HttpURLConnection.java:1169)
	at sun.net.www.protocol.http.HttpURLConnection.plainConnect0(HttpURLConnection.java:1105)
	at sun.net.www.protocol.http.HttpURLConnection.plainConnect(HttpURLConnection.java:999)
	at sun.net.www.protocol.http.HttpURLConnection.connect(HttpURLConnection.java:933)
	at sun.net.www.protocol.http.HttpURLConnection.getInputStream0(HttpURLConnection.java:1513)
	at sun.net.www.protocol.http.HttpURLConnection.getInputStream(HttpURLConnection.java:1441)
	at org.apache.hadoop.hdfs.server.namenode.TransferFsImage.getFileClient(TransferFsImage.java:177)
	at org.apache.hadoop.hdfs.server.namenode.SecondaryNameNode$4.run(SecondaryNameNode.java:431)
	at org.apache.hadoop.hdfs.server.namenode.SecondaryNameNode$4.run(SecondaryNameNode.java:420)
	at java.security.AccessController.doPrivileged(Native Method)
	at javax.security.auth.Subject.doAs(Subject.java:422)
	at org.apache.hadoop.security.UserGroupInformation.doAs(UserGroupInformation.java:1190)
	at org.apache.hadoop.hdfs.server.namenode.SecondaryNameNode.downloadCheckpointFiles(SecondaryNameNode.java:420)
	at org.apache.hadoop.hdfs.server.namenode.SecondaryNameNode.doCheckpoint(SecondaryNameNode.java:520)
	at org.apache.hadoop.hdfs.server.namenode.SecondaryNameNode.doWork(SecondaryNameNode.java:396)
	at org.apache.hadoop.hdfs.server.namenode.SecondaryNameNode.run(SecondaryNameNode.java:360)
	at java.lang.Thread.run(Thread.java:745)

2017-09-22 09:38:50,307 INFO org.apache.hadoop.hdfs.server.common.Storage: Recovering storage directory /usr/local/Cellar/hadoop/hdfs/tmp1/dfs/namesecondary from failed checkpoint
2017-09-22 09:38:50,323 INFO org.apache.hadoop.hdfs.server.namenode.TransferFsImage: Opening connection to http://0.0.0.0:50070/getimage?getimage=1
2017-09-22 09:40:05,690 ERROR org.apache.hadoop.security.UserGroupInformation: PriviledgedActionException as:Jocke cause:java.net.ConnectException: Operation timed out
2017-09-22 09:40:05,690 ERROR org.apache.hadoop.hdfs.server.namenode.SecondaryNameNode: Exception in doCheckpoint: 
2017-09-22 09:40:05,690 ERROR org.apache.hadoop.hdfs.server.namenode.SecondaryNameNode: java.net.ConnectException: Operation timed out
	at java.net.PlainSocketImpl.socketConnect(Native Method)
	at java.net.AbstractPlainSocketImpl.doConnect(AbstractPlainSocketImpl.java:350)
	at java.net.AbstractPlainSocketImpl.connectToAddress(AbstractPlainSocketImpl.java:204)
	at java.net.AbstractPlainSocketImpl.connect(AbstractPlainSocketImpl.java:188)
	at java.net.SocksSocketImpl.connect(SocksSocketImpl.java:392)
	at java.net.Socket.connect(Socket.java:589)
	at java.net.Socket.connect(Socket.java:538)
	at sun.net.NetworkClient.doConnect(NetworkClient.java:180)
	at sun.net.www.http.HttpClient.openServer(HttpClient.java:432)
	at sun.net.www.http.HttpClient.openServer(HttpClient.java:527)
	at sun.net.www.http.HttpClient.<init>(HttpClient.java:211)
	at sun.net.www.http.HttpClient.New(HttpClient.java:308)
	at sun.net.www.http.HttpClient.New(HttpClient.java:326)
	at sun.net.www.protocol.http.HttpURLConnection.getNewHttpClient(HttpURLConnection.java:1169)
	at sun.net.www.protocol.http.HttpURLConnection.plainConnect0(HttpURLConnection.java:1105)
	at sun.net.www.protocol.http.HttpURLConnection.plainConnect(HttpURLConnection.java:999)
	at sun.net.www.protocol.http.HttpURLConnection.connect(HttpURLConnection.java:933)
	at sun.net.www.protocol.http.HttpURLConnection.getInputStream0(HttpURLConnection.java:1513)
	at sun.net.www.protocol.http.HttpURLConnection.getInputStream(HttpURLConnection.java:1441)
	at org.apache.hadoop.hdfs.server.namenode.TransferFsImage.getFileClient(TransferFsImage.java:177)
	at org.apache.hadoop.hdfs.server.namenode.SecondaryNameNode$4.run(SecondaryNameNode.java:431)
	at org.apache.hadoop.hdfs.server.namenode.SecondaryNameNode$4.run(SecondaryNameNode.java:420)
	at java.security.AccessController.doPrivileged(Native Method)
	at javax.security.auth.Subject.doAs(Subject.java:422)
	at org.apache.hadoop.security.UserGroupInformation.doAs(UserGroupInformation.java:1190)
	at org.apache.hadoop.hdfs.server.namenode.SecondaryNameNode.downloadCheckpointFiles(SecondaryNameNode.java:420)
	at org.apache.hadoop.hdfs.server.namenode.SecondaryNameNode.doCheckpoint(SecondaryNameNode.java:520)
	at org.apache.hadoop.hdfs.server.namenode.SecondaryNameNode.doWork(SecondaryNameNode.java:396)
	at org.apache.hadoop.hdfs.server.namenode.SecondaryNameNode.run(SecondaryNameNode.java:360)
	at java.lang.Thread.run(Thread.java:745)

2017-09-22 09:45:05,691 INFO org.apache.hadoop.hdfs.server.common.Storage: Recovering storage directory /usr/local/Cellar/hadoop/hdfs/tmp1/dfs/namesecondary from failed checkpoint
2017-09-22 09:45:05,707 INFO org.apache.hadoop.hdfs.server.namenode.TransferFsImage: Opening connection to http://0.0.0.0:50070/getimage?getimage=1
2017-09-22 09:46:21,040 ERROR org.apache.hadoop.security.UserGroupInformation: PriviledgedActionException as:Jocke cause:java.net.ConnectException: Operation timed out
2017-09-22 09:46:21,041 ERROR org.apache.hadoop.hdfs.server.namenode.SecondaryNameNode: Exception in doCheckpoint: 
2017-09-22 09:46:21,041 ERROR org.apache.hadoop.hdfs.server.namenode.SecondaryNameNode: java.net.ConnectException: Operation timed out
	at java.net.PlainSocketImpl.socketConnect(Native Method)
	at java.net.AbstractPlainSocketImpl.doConnect(AbstractPlainSocketImpl.java:350)
	at java.net.AbstractPlainSocketImpl.connectToAddress(AbstractPlainSocketImpl.java:204)
	at java.net.AbstractPlainSocketImpl.connect(AbstractPlainSocketImpl.java:188)
	at java.net.SocksSocketImpl.connect(SocksSocketImpl.java:392)
	at java.net.Socket.connect(Socket.java:589)
	at java.net.Socket.connect(Socket.java:538)
	at sun.net.NetworkClient.doConnect(NetworkClient.java:180)
	at sun.net.www.http.HttpClient.openServer(HttpClient.java:432)
	at sun.net.www.http.HttpClient.openServer(HttpClient.java:527)
	at sun.net.www.http.HttpClient.<init>(HttpClient.java:211)
	at sun.net.www.http.HttpClient.New(HttpClient.java:308)
	at sun.net.www.http.HttpClient.New(HttpClient.java:326)
	at sun.net.www.protocol.http.HttpURLConnection.getNewHttpClient(HttpURLConnection.java:1169)
	at sun.net.www.protocol.http.HttpURLConnection.plainConnect0(HttpURLConnection.java:1105)
	at sun.net.www.protocol.http.HttpURLConnection.plainConnect(HttpURLConnection.java:999)
	at sun.net.www.protocol.http.HttpURLConnection.connect(HttpURLConnection.java:933)
	at sun.net.www.protocol.http.HttpURLConnection.getInputStream0(HttpURLConnection.java:1513)
	at sun.net.www.protocol.http.HttpURLConnection.getInputStream(HttpURLConnection.java:1441)
	at org.apache.hadoop.hdfs.server.namenode.TransferFsImage.getFileClient(TransferFsImage.java:177)
	at org.apache.hadoop.hdfs.server.namenode.SecondaryNameNode$4.run(SecondaryNameNode.java:431)
	at org.apache.hadoop.hdfs.server.namenode.SecondaryNameNode$4.run(SecondaryNameNode.java:420)
	at java.security.AccessController.doPrivileged(Native Method)
	at javax.security.auth.Subject.doAs(Subject.java:422)
	at org.apache.hadoop.security.UserGroupInformation.doAs(UserGroupInformation.java:1190)
	at org.apache.hadoop.hdfs.server.namenode.SecondaryNameNode.downloadCheckpointFiles(SecondaryNameNode.java:420)
	at org.apache.hadoop.hdfs.server.namenode.SecondaryNameNode.doCheckpoint(SecondaryNameNode.java:520)
	at org.apache.hadoop.hdfs.server.namenode.SecondaryNameNode.doWork(SecondaryNameNode.java:396)
	at org.apache.hadoop.hdfs.server.namenode.SecondaryNameNode.run(SecondaryNameNode.java:360)
	at java.lang.Thread.run(Thread.java:745)

2017-09-22 09:51:21,041 INFO org.apache.hadoop.hdfs.server.common.Storage: Recovering storage directory /usr/local/Cellar/hadoop/hdfs/tmp1/dfs/namesecondary from failed checkpoint
2017-09-22 09:51:21,057 INFO org.apache.hadoop.hdfs.server.namenode.TransferFsImage: Opening connection to http://0.0.0.0:50070/getimage?getimage=1
2017-09-22 09:52:36,825 ERROR org.apache.hadoop.security.UserGroupInformation: PriviledgedActionException as:Jocke cause:java.net.ConnectException: Operation timed out
2017-09-22 09:52:36,825 ERROR org.apache.hadoop.hdfs.server.namenode.SecondaryNameNode: Exception in doCheckpoint: 
2017-09-22 09:52:36,825 ERROR org.apache.hadoop.hdfs.server.namenode.SecondaryNameNode: java.net.ConnectException: Operation timed out
	at java.net.PlainSocketImpl.socketConnect(Native Method)
	at java.net.AbstractPlainSocketImpl.doConnect(AbstractPlainSocketImpl.java:350)
	at java.net.AbstractPlainSocketImpl.connectToAddress(AbstractPlainSocketImpl.java:204)
	at java.net.AbstractPlainSocketImpl.connect(AbstractPlainSocketImpl.java:188)
	at java.net.SocksSocketImpl.connect(SocksSocketImpl.java:392)
	at java.net.Socket.connect(Socket.java:589)
	at java.net.Socket.connect(Socket.java:538)
	at sun.net.NetworkClient.doConnect(NetworkClient.java:180)
	at sun.net.www.http.HttpClient.openServer(HttpClient.java:432)
	at sun.net.www.http.HttpClient.openServer(HttpClient.java:527)
	at sun.net.www.http.HttpClient.<init>(HttpClient.java:211)
	at sun.net.www.http.HttpClient.New(HttpClient.java:308)
	at sun.net.www.http.HttpClient.New(HttpClient.java:326)
	at sun.net.www.protocol.http.HttpURLConnection.getNewHttpClient(HttpURLConnection.java:1169)
	at sun.net.www.protocol.http.HttpURLConnection.plainConnect0(HttpURLConnection.java:1105)
	at sun.net.www.protocol.http.HttpURLConnection.plainConnect(HttpURLConnection.java:999)
	at sun.net.www.protocol.http.HttpURLConnection.connect(HttpURLConnection.java:933)
	at sun.net.www.protocol.http.HttpURLConnection.getInputStream0(HttpURLConnection.java:1513)
	at sun.net.www.protocol.http.HttpURLConnection.getInputStream(HttpURLConnection.java:1441)
	at org.apache.hadoop.hdfs.server.namenode.TransferFsImage.getFileClient(TransferFsImage.java:177)
	at org.apache.hadoop.hdfs.server.namenode.SecondaryNameNode$4.run(SecondaryNameNode.java:431)
	at org.apache.hadoop.hdfs.server.namenode.SecondaryNameNode$4.run(SecondaryNameNode.java:420)
	at java.security.AccessController.doPrivileged(Native Method)
	at javax.security.auth.Subject.doAs(Subject.java:422)
	at org.apache.hadoop.security.UserGroupInformation.doAs(UserGroupInformation.java:1190)
	at org.apache.hadoop.hdfs.server.namenode.SecondaryNameNode.downloadCheckpointFiles(SecondaryNameNode.java:420)
	at org.apache.hadoop.hdfs.server.namenode.SecondaryNameNode.doCheckpoint(SecondaryNameNode.java:520)
	at org.apache.hadoop.hdfs.server.namenode.SecondaryNameNode.doWork(SecondaryNameNode.java:396)
	at org.apache.hadoop.hdfs.server.namenode.SecondaryNameNode.run(SecondaryNameNode.java:360)
	at java.lang.Thread.run(Thread.java:745)

2017-09-22 09:57:36,826 INFO org.apache.hadoop.hdfs.server.common.Storage: Recovering storage directory /usr/local/Cellar/hadoop/hdfs/tmp1/dfs/namesecondary from failed checkpoint
2017-09-22 09:57:36,842 INFO org.apache.hadoop.hdfs.server.namenode.TransferFsImage: Opening connection to http://0.0.0.0:50070/getimage?getimage=1
2017-09-22 09:58:52,177 ERROR org.apache.hadoop.security.UserGroupInformation: PriviledgedActionException as:Jocke cause:java.net.ConnectException: Operation timed out
2017-09-22 09:58:52,177 ERROR org.apache.hadoop.hdfs.server.namenode.SecondaryNameNode: Exception in doCheckpoint: 
2017-09-22 09:58:52,178 ERROR org.apache.hadoop.hdfs.server.namenode.SecondaryNameNode: java.net.ConnectException: Operation timed out
	at java.net.PlainSocketImpl.socketConnect(Native Method)
	at java.net.AbstractPlainSocketImpl.doConnect(AbstractPlainSocketImpl.java:350)
	at java.net.AbstractPlainSocketImpl.connectToAddress(AbstractPlainSocketImpl.java:204)
	at java.net.AbstractPlainSocketImpl.connect(AbstractPlainSocketImpl.java:188)
	at java.net.SocksSocketImpl.connect(SocksSocketImpl.java:392)
	at java.net.Socket.connect(Socket.java:589)
	at java.net.Socket.connect(Socket.java:538)
	at sun.net.NetworkClient.doConnect(NetworkClient.java:180)
	at sun.net.www.http.HttpClient.openServer(HttpClient.java:432)
	at sun.net.www.http.HttpClient.openServer(HttpClient.java:527)
	at sun.net.www.http.HttpClient.<init>(HttpClient.java:211)
	at sun.net.www.http.HttpClient.New(HttpClient.java:308)
	at sun.net.www.http.HttpClient.New(HttpClient.java:326)
	at sun.net.www.protocol.http.HttpURLConnection.getNewHttpClient(HttpURLConnection.java:1169)
	at sun.net.www.protocol.http.HttpURLConnection.plainConnect0(HttpURLConnection.java:1105)
	at sun.net.www.protocol.http.HttpURLConnection.plainConnect(HttpURLConnection.java:999)
	at sun.net.www.protocol.http.HttpURLConnection.connect(HttpURLConnection.java:933)
	at sun.net.www.protocol.http.HttpURLConnection.getInputStream0(HttpURLConnection.java:1513)
	at sun.net.www.protocol.http.HttpURLConnection.getInputStream(HttpURLConnection.java:1441)
	at org.apache.hadoop.hdfs.server.namenode.TransferFsImage.getFileClient(TransferFsImage.java:177)
	at org.apache.hadoop.hdfs.server.namenode.SecondaryNameNode$4.run(SecondaryNameNode.java:431)
	at org.apache.hadoop.hdfs.server.namenode.SecondaryNameNode$4.run(SecondaryNameNode.java:420)
	at java.security.AccessController.doPrivileged(Native Method)
	at javax.security.auth.Subject.doAs(Subject.java:422)
	at org.apache.hadoop.security.UserGroupInformation.doAs(UserGroupInformation.java:1190)
	at org.apache.hadoop.hdfs.server.namenode.SecondaryNameNode.downloadCheckpointFiles(SecondaryNameNode.java:420)
	at org.apache.hadoop.hdfs.server.namenode.SecondaryNameNode.doCheckpoint(SecondaryNameNode.java:520)
	at org.apache.hadoop.hdfs.server.namenode.SecondaryNameNode.doWork(SecondaryNameNode.java:396)
	at org.apache.hadoop.hdfs.server.namenode.SecondaryNameNode.run(SecondaryNameNode.java:360)
	at java.lang.Thread.run(Thread.java:745)

2017-09-22 10:01:51,283 INFO org.apache.hadoop.hdfs.server.namenode.SecondaryNameNode: SHUTDOWN_MSG: 
/************************************************************
SHUTDOWN_MSG: Shutting down SecondaryNameNode at Joakims-MacBook-Pro.local/218.38.137.27
************************************************************/
